TOP.5e6f352b.00057546	START
TOP.5e6f352b.00057546	user_options->separator	:
TOP.5e6f352b.00057546	user_options->encoding_from	utf-8
TOP.5e6f352b.00057546	user_options->encoding_to	utf-8
TOP.5e6f352b.00057546	user_options->rule_buf_l	:
TOP.5e6f352b.00057546	user_options->rule_buf_r	:
TOP.5e6f352b.00057546	user_options->session	hashcat
TOP.5e6f352b.00057546	user_options->limit	0
TOP.5e6f352b.00057546	user_options->skip	0
TOP.5e6f352b.00057546	user_options->attack_mode	0
TOP.5e6f352b.00057546	user_options->benchmark	0
TOP.5e6f352b.00057546	user_options->benchmark_all	0
TOP.5e6f352b.00057546	user_options->bitmap_max	18
TOP.5e6f352b.00057546	user_options->bitmap_min	16
TOP.5e6f352b.00057546	user_options->debug_mode	0
TOP.5e6f352b.00057546	user_options->example_hashes	0
TOP.5e6f352b.00057546	user_options->force	1
TOP.5e6f352b.00057546	user_options->hwmon_disable	0
TOP.5e6f352b.00057546	user_options->hwmon_temp_abort	90
TOP.5e6f352b.00057546	user_options->hash_mode	1300
TOP.5e6f352b.00057546	user_options->hex_charset	0
TOP.5e6f352b.00057546	user_options->hex_salt	0
TOP.5e6f352b.00057546	user_options->hex_wordlist	0
TOP.5e6f352b.00057546	user_options->increment	0
TOP.5e6f352b.00057546	user_options->increment_max	256
TOP.5e6f352b.00057546	user_options->increment_min	1
TOP.5e6f352b.00057546	user_options->keep_guessing	0
TOP.5e6f352b.00057546	user_options->kernel_accel	0
TOP.5e6f352b.00057546	user_options->kernel_loops	0
TOP.5e6f352b.00057546	user_options->kernel_threads	0
TOP.5e6f352b.00057546	user_options->keyspace	0
TOP.5e6f352b.00057546	user_options->left	0
TOP.5e6f352b.00057546	user_options->logfile_disable	0
TOP.5e6f352b.00057546	user_options->loopback	0
TOP.5e6f352b.00057546	user_options->machine_readable	0
TOP.5e6f352b.00057546	user_options->markov_classic	0
TOP.5e6f352b.00057546	user_options->markov_disable	0
TOP.5e6f352b.00057546	user_options->markov_threshold	256
TOP.5e6f352b.00057546	user_options->opencl_info	0
TOP.5e6f352b.00057546	user_options->opencl_vector_width	0
TOP.5e6f352b.00057546	user_options->optimized_kernel_enable	0
TOP.5e6f352b.00057546	user_options->outfile_autohex	1
TOP.5e6f352b.00057546	user_options->outfile_check_timer	5
TOP.5e6f352b.00057546	user_options->outfile_format	3
TOP.5e6f352b.00057546	user_options->wordlist_autohex_disable	0
TOP.5e6f352b.00057546	user_options->potfile_disable	0
TOP.5e6f352b.00057546	user_options->progress_only	0
TOP.5e6f352b.00057546	user_options->quiet	0
TOP.5e6f352b.00057546	user_options->remove	0
TOP.5e6f352b.00057546	user_options->remove_timer	60
TOP.5e6f352b.00057546	user_options->restore	0
TOP.5e6f352b.00057546	user_options->restore_disable	0
TOP.5e6f352b.00057546	user_options->restore_timer	60
TOP.5e6f352b.00057546	user_options->rp_files_cnt	0
TOP.5e6f352b.00057546	user_options->rp_gen	0
TOP.5e6f352b.00057546	user_options->rp_gen_func_max	4
TOP.5e6f352b.00057546	user_options->rp_gen_func_min	1
TOP.5e6f352b.00057546	user_options->rp_gen_seed	0
TOP.5e6f352b.00057546	user_options->runtime	0
TOP.5e6f352b.00057546	user_options->scrypt_tmto	0
TOP.5e6f352b.00057546	user_options->segment_size	33554432
TOP.5e6f352b.00057546	user_options->self_test_disable	0
TOP.5e6f352b.00057546	user_options->slow_candidates	0
TOP.5e6f352b.00057546	user_options->show	0
TOP.5e6f352b.00057546	user_options->speed_only	0
TOP.5e6f352b.00057546	user_options->spin_damp	8
TOP.5e6f352b.00057546	user_options->status	0
TOP.5e6f352b.00057546	user_options->status_timer	10
TOP.5e6f352b.00057546	user_options->stdout_flag	0
TOP.5e6f352b.00057546	user_options->usage	0
TOP.5e6f352b.00057546	user_options->username	0
TOP.5e6f352b.00057546	user_options->veracrypt_pim	0
TOP.5e6f352b.00057546	user_options->version	0
TOP.5e6f352b.00057546	user_options->workload_profile	3
TOP.5e6f352b.00057546	user_options->brain_client	0
TOP.5e6f352b.00057546	user_options->brain_client_features	2
TOP.5e6f352b.00057546	user_options->brain_server	0
TOP.5e6f352b.00057546	user_options->brain_port	6863
TOP.5e6f352b.00057546	user_options->brain_session	0
TOP.5e6f352b.00057546	proc_start	1584346411
TOP.5e6f352b.00057546	proc_stop	1584346411
TOP.5e6f352b.00057546	STOP
TOP.5e6f37b0.00035586	START
TOP.5e6f37b0.00035586	user_options->separator	:
TOP.5e6f37b0.00035586	user_options->encoding_from	utf-8
TOP.5e6f37b0.00035586	user_options->encoding_to	utf-8
TOP.5e6f37b0.00035586	user_options->opencl_device_types	1
TOP.5e6f37b0.00035586	user_options->rule_buf_l	:
TOP.5e6f37b0.00035586	user_options->rule_buf_r	:
TOP.5e6f37b0.00035586	user_options->session	hashcat
TOP.5e6f37b0.00035586	user_options->limit	0
TOP.5e6f37b0.00035586	user_options->skip	0
TOP.5e6f37b0.00035586	user_options->attack_mode	0
TOP.5e6f37b0.00035586	user_options->benchmark	0
TOP.5e6f37b0.00035586	user_options->benchmark_all	0
TOP.5e6f37b0.00035586	user_options->bitmap_max	18
TOP.5e6f37b0.00035586	user_options->bitmap_min	16
TOP.5e6f37b0.00035586	user_options->debug_mode	0
TOP.5e6f37b0.00035586	user_options->example_hashes	0
TOP.5e6f37b0.00035586	user_options->force	0
TOP.5e6f37b0.00035586	user_options->hwmon_disable	0
TOP.5e6f37b0.00035586	user_options->hwmon_temp_abort	90
TOP.5e6f37b0.00035586	user_options->hash_mode	13000
TOP.5e6f37b0.00035586	user_options->hex_charset	0
TOP.5e6f37b0.00035586	user_options->hex_salt	0
TOP.5e6f37b0.00035586	user_options->hex_wordlist	0
TOP.5e6f37b0.00035586	user_options->increment	0
TOP.5e6f37b0.00035586	user_options->increment_max	256
TOP.5e6f37b0.00035586	user_options->increment_min	1
TOP.5e6f37b0.00035586	user_options->keep_guessing	0
TOP.5e6f37b0.00035586	user_options->kernel_accel	0
TOP.5e6f37b0.00035586	user_options->kernel_loops	0
TOP.5e6f37b0.00035586	user_options->kernel_threads	0
TOP.5e6f37b0.00035586	user_options->keyspace	0
TOP.5e6f37b0.00035586	user_options->left	0
TOP.5e6f37b0.00035586	user_options->logfile_disable	0
TOP.5e6f37b0.00035586	user_options->loopback	0
TOP.5e6f37b0.00035586	user_options->machine_readable	0
TOP.5e6f37b0.00035586	user_options->markov_classic	0
TOP.5e6f37b0.00035586	user_options->markov_disable	0
TOP.5e6f37b0.00035586	user_options->markov_threshold	256
TOP.5e6f37b0.00035586	user_options->opencl_info	0
TOP.5e6f37b0.00035586	user_options->opencl_vector_width	0
TOP.5e6f37b0.00035586	user_options->optimized_kernel_enable	0
TOP.5e6f37b0.00035586	user_options->outfile_autohex	1
TOP.5e6f37b0.00035586	user_options->outfile_check_timer	5
TOP.5e6f37b0.00035586	user_options->outfile_format	3
TOP.5e6f37b0.00035586	user_options->wordlist_autohex_disable	0
TOP.5e6f37b0.00035586	user_options->potfile_disable	0
TOP.5e6f37b0.00035586	user_options->progress_only	0
TOP.5e6f37b0.00035586	user_options->quiet	0
TOP.5e6f37b0.00035586	user_options->remove	0
TOP.5e6f37b0.00035586	user_options->remove_timer	60
TOP.5e6f37b0.00035586	user_options->restore	0
TOP.5e6f37b0.00035586	user_options->restore_disable	0
TOP.5e6f37b0.00035586	user_options->restore_timer	60
TOP.5e6f37b0.00035586	user_options->rp_files_cnt	0
TOP.5e6f37b0.00035586	user_options->rp_gen	0
TOP.5e6f37b0.00035586	user_options->rp_gen_func_max	4
TOP.5e6f37b0.00035586	user_options->rp_gen_func_min	1
TOP.5e6f37b0.00035586	user_options->rp_gen_seed	0
TOP.5e6f37b0.00035586	user_options->runtime	0
TOP.5e6f37b0.00035586	user_options->scrypt_tmto	0
TOP.5e6f37b0.00035586	user_options->segment_size	33554432
TOP.5e6f37b0.00035586	user_options->self_test_disable	0
TOP.5e6f37b0.00035586	user_options->slow_candidates	0
TOP.5e6f37b0.00035586	user_options->show	0
TOP.5e6f37b0.00035586	user_options->speed_only	0
TOP.5e6f37b0.00035586	user_options->spin_damp	8
TOP.5e6f37b0.00035586	user_options->status	0
TOP.5e6f37b0.00035586	user_options->status_timer	10
TOP.5e6f37b0.00035586	user_options->stdout_flag	0
TOP.5e6f37b0.00035586	user_options->usage	0
TOP.5e6f37b0.00035586	user_options->username	0
TOP.5e6f37b0.00035586	user_options->veracrypt_pim	0
TOP.5e6f37b0.00035586	user_options->version	0
TOP.5e6f37b0.00035586	user_options->workload_profile	3
TOP.5e6f37b0.00035586	user_options->brain_client	0
TOP.5e6f37b0.00035586	user_options->brain_client_features	2
TOP.5e6f37b0.00035586	user_options->brain_server	0
TOP.5e6f37b0.00035586	user_options->brain_port	6863
TOP.5e6f37b0.00035586	user_options->brain_session	0
TOP.5e6f37b0.00035586	proc_start	1584347056
TOP.5e6f37b0.00035586	proc_stop	1584347056
TOP.5e6f37b0.00035586	STOP
TOP.5e6f385a.00009666	START
TOP.5e6f385a.00009666	user_options->separator	:
TOP.5e6f385a.00009666	user_options->encoding_from	utf-8
TOP.5e6f385a.00009666	user_options->encoding_to	utf-8
TOP.5e6f385a.00009666	user_options->opencl_device_types	1
TOP.5e6f385a.00009666	user_options->rule_buf_l	:
TOP.5e6f385a.00009666	user_options->rule_buf_r	:
TOP.5e6f385a.00009666	user_options->session	hashcat
TOP.5e6f385a.00009666	user_options->limit	0
TOP.5e6f385a.00009666	user_options->skip	0
TOP.5e6f385a.00009666	user_options->attack_mode	0
TOP.5e6f385a.00009666	user_options->benchmark	0
TOP.5e6f385a.00009666	user_options->benchmark_all	0
TOP.5e6f385a.00009666	user_options->bitmap_max	18
TOP.5e6f385a.00009666	user_options->bitmap_min	16
TOP.5e6f385a.00009666	user_options->debug_mode	0
TOP.5e6f385a.00009666	user_options->example_hashes	0
TOP.5e6f385a.00009666	user_options->force	0
TOP.5e6f385a.00009666	user_options->hwmon_disable	0
TOP.5e6f385a.00009666	user_options->hwmon_temp_abort	90
TOP.5e6f385a.00009666	user_options->hash_mode	13000
TOP.5e6f385a.00009666	user_options->hex_charset	0
TOP.5e6f385a.00009666	user_options->hex_salt	0
TOP.5e6f385a.00009666	user_options->hex_wordlist	0
TOP.5e6f385a.00009666	user_options->increment	0
TOP.5e6f385a.00009666	user_options->increment_max	256
TOP.5e6f385a.00009666	user_options->increment_min	1
TOP.5e6f385a.00009666	user_options->keep_guessing	0
TOP.5e6f385a.00009666	user_options->kernel_accel	0
TOP.5e6f385a.00009666	user_options->kernel_loops	0
TOP.5e6f385a.00009666	user_options->kernel_threads	0
TOP.5e6f385a.00009666	user_options->keyspace	0
TOP.5e6f385a.00009666	user_options->left	0
TOP.5e6f385a.00009666	user_options->logfile_disable	0
TOP.5e6f385a.00009666	user_options->loopback	0
TOP.5e6f385a.00009666	user_options->machine_readable	0
TOP.5e6f385a.00009666	user_options->markov_classic	0
TOP.5e6f385a.00009666	user_options->markov_disable	0
TOP.5e6f385a.00009666	user_options->markov_threshold	256
TOP.5e6f385a.00009666	user_options->opencl_info	0
TOP.5e6f385a.00009666	user_options->opencl_vector_width	0
TOP.5e6f385a.00009666	user_options->optimized_kernel_enable	0
TOP.5e6f385a.00009666	user_options->outfile_autohex	1
TOP.5e6f385a.00009666	user_options->outfile_check_timer	5
TOP.5e6f385a.00009666	user_options->outfile_format	3
TOP.5e6f385a.00009666	user_options->wordlist_autohex_disable	0
TOP.5e6f385a.00009666	user_options->potfile_disable	0
TOP.5e6f385a.00009666	user_options->progress_only	0
TOP.5e6f385a.00009666	user_options->quiet	0
TOP.5e6f385a.00009666	user_options->remove	0
TOP.5e6f385a.00009666	user_options->remove_timer	60
TOP.5e6f385a.00009666	user_options->restore	0
TOP.5e6f385a.00009666	user_options->restore_disable	0
TOP.5e6f385a.00009666	user_options->restore_timer	60
TOP.5e6f385a.00009666	user_options->rp_files_cnt	0
TOP.5e6f385a.00009666	user_options->rp_gen	0
TOP.5e6f385a.00009666	user_options->rp_gen_func_max	4
TOP.5e6f385a.00009666	user_options->rp_gen_func_min	1
TOP.5e6f385a.00009666	user_options->rp_gen_seed	0
TOP.5e6f385a.00009666	user_options->runtime	0
TOP.5e6f385a.00009666	user_options->scrypt_tmto	0
TOP.5e6f385a.00009666	user_options->segment_size	33554432
TOP.5e6f385a.00009666	user_options->self_test_disable	0
TOP.5e6f385a.00009666	user_options->slow_candidates	0
TOP.5e6f385a.00009666	user_options->show	0
TOP.5e6f385a.00009666	user_options->speed_only	0
TOP.5e6f385a.00009666	user_options->spin_damp	8
TOP.5e6f385a.00009666	user_options->status	0
TOP.5e6f385a.00009666	user_options->status_timer	10
TOP.5e6f385a.00009666	user_options->stdout_flag	0
TOP.5e6f385a.00009666	user_options->usage	0
TOP.5e6f385a.00009666	user_options->username	0
TOP.5e6f385a.00009666	user_options->veracrypt_pim	0
TOP.5e6f385a.00009666	user_options->version	0
TOP.5e6f385a.00009666	user_options->workload_profile	3
TOP.5e6f385a.00009666	user_options->brain_client	0
TOP.5e6f385a.00009666	user_options->brain_client_features	2
TOP.5e6f385a.00009666	user_options->brain_server	0
TOP.5e6f385a.00009666	user_options->brain_port	6863
TOP.5e6f385a.00009666	user_options->brain_session	0
TOP.5e6f385a.00009666	proc_start	1584347226
TOP.5e6f385a.00009666	proc_stop	1584347226
TOP.5e6f385a.00009666	STOP
TOP.5e6f3944.000acbae	START
TOP.5e6f3944.000acbae	user_options->separator	:
TOP.5e6f3944.000acbae	user_options->encoding_from	utf-8
TOP.5e6f3944.000acbae	user_options->encoding_to	utf-8
TOP.5e6f3944.000acbae	user_options->opencl_device_types	1
TOP.5e6f3944.000acbae	user_options->rule_buf_l	:
TOP.5e6f3944.000acbae	user_options->rule_buf_r	:
TOP.5e6f3944.000acbae	user_options->session	hashcat
TOP.5e6f3944.000acbae	user_options->limit	0
TOP.5e6f3944.000acbae	user_options->skip	0
TOP.5e6f3944.000acbae	user_options->attack_mode	0
TOP.5e6f3944.000acbae	user_options->benchmark	0
TOP.5e6f3944.000acbae	user_options->benchmark_all	0
TOP.5e6f3944.000acbae	user_options->bitmap_max	18
TOP.5e6f3944.000acbae	user_options->bitmap_min	16
TOP.5e6f3944.000acbae	user_options->debug_mode	0
TOP.5e6f3944.000acbae	user_options->example_hashes	0
TOP.5e6f3944.000acbae	user_options->force	0
TOP.5e6f3944.000acbae	user_options->hwmon_disable	0
TOP.5e6f3944.000acbae	user_options->hwmon_temp_abort	90
TOP.5e6f3944.000acbae	user_options->hash_mode	13000
TOP.5e6f3944.000acbae	user_options->hex_charset	0
TOP.5e6f3944.000acbae	user_options->hex_salt	0
TOP.5e6f3944.000acbae	user_options->hex_wordlist	0
TOP.5e6f3944.000acbae	user_options->increment	0
TOP.5e6f3944.000acbae	user_options->increment_max	256
TOP.5e6f3944.000acbae	user_options->increment_min	1
TOP.5e6f3944.000acbae	user_options->keep_guessing	0
TOP.5e6f3944.000acbae	user_options->kernel_accel	0
TOP.5e6f3944.000acbae	user_options->kernel_loops	0
TOP.5e6f3944.000acbae	user_options->kernel_threads	0
TOP.5e6f3944.000acbae	user_options->keyspace	0
TOP.5e6f3944.000acbae	user_options->left	0
TOP.5e6f3944.000acbae	user_options->logfile_disable	0
TOP.5e6f3944.000acbae	user_options->loopback	0
TOP.5e6f3944.000acbae	user_options->machine_readable	0
TOP.5e6f3944.000acbae	user_options->markov_classic	0
TOP.5e6f3944.000acbae	user_options->markov_disable	0
TOP.5e6f3944.000acbae	user_options->markov_threshold	256
TOP.5e6f3944.000acbae	user_options->opencl_info	0
TOP.5e6f3944.000acbae	user_options->opencl_vector_width	0
TOP.5e6f3944.000acbae	user_options->optimized_kernel_enable	0
TOP.5e6f3944.000acbae	user_options->outfile_autohex	1
TOP.5e6f3944.000acbae	user_options->outfile_check_timer	5
TOP.5e6f3944.000acbae	user_options->outfile_format	3
TOP.5e6f3944.000acbae	user_options->wordlist_autohex_disable	0
TOP.5e6f3944.000acbae	user_options->potfile_disable	0
TOP.5e6f3944.000acbae	user_options->progress_only	0
TOP.5e6f3944.000acbae	user_options->quiet	0
TOP.5e6f3944.000acbae	user_options->remove	0
TOP.5e6f3944.000acbae	user_options->remove_timer	60
TOP.5e6f3944.000acbae	user_options->restore	0
TOP.5e6f3944.000acbae	user_options->restore_disable	0
TOP.5e6f3944.000acbae	user_options->restore_timer	60
TOP.5e6f3944.000acbae	user_options->rp_files_cnt	0
TOP.5e6f3944.000acbae	user_options->rp_gen	0
TOP.5e6f3944.000acbae	user_options->rp_gen_func_max	4
TOP.5e6f3944.000acbae	user_options->rp_gen_func_min	1
TOP.5e6f3944.000acbae	user_options->rp_gen_seed	0
TOP.5e6f3944.000acbae	user_options->runtime	0
TOP.5e6f3944.000acbae	user_options->scrypt_tmto	0
TOP.5e6f3944.000acbae	user_options->segment_size	33554432
TOP.5e6f3944.000acbae	user_options->self_test_disable	0
TOP.5e6f3944.000acbae	user_options->slow_candidates	0
TOP.5e6f3944.000acbae	user_options->show	0
TOP.5e6f3944.000acbae	user_options->speed_only	0
TOP.5e6f3944.000acbae	user_options->spin_damp	8
TOP.5e6f3944.000acbae	user_options->status	0
TOP.5e6f3944.000acbae	user_options->status_timer	10
TOP.5e6f3944.000acbae	user_options->stdout_flag	0
TOP.5e6f3944.000acbae	user_options->usage	0
TOP.5e6f3944.000acbae	user_options->username	0
TOP.5e6f3944.000acbae	user_options->veracrypt_pim	0
TOP.5e6f3944.000acbae	user_options->version	0
TOP.5e6f3944.000acbae	user_options->workload_profile	3
TOP.5e6f3944.000acbae	user_options->brain_client	0
TOP.5e6f3944.000acbae	user_options->brain_client_features	2
TOP.5e6f3944.000acbae	user_options->brain_server	0
TOP.5e6f3944.000acbae	user_options->brain_port	6863
TOP.5e6f3944.000acbae	user_options->brain_session	0
TOP.5e6f3944.000acbae	proc_start	1584347460
TOP.5e6f3944.000acbae	proc_stop	1584347460
TOP.5e6f3944.000acbae	STOP
TOP.5e6f3b97.000da3cf	START
TOP.5e6f3b97.000da3cf	user_options->separator	:
TOP.5e6f3b97.000da3cf	user_options->encoding_from	utf-8
TOP.5e6f3b97.000da3cf	user_options->encoding_to	utf-8
TOP.5e6f3b97.000da3cf	user_options->opencl_device_types	1
TOP.5e6f3b97.000da3cf	user_options->rule_buf_l	:
TOP.5e6f3b97.000da3cf	user_options->rule_buf_r	:
TOP.5e6f3b97.000da3cf	user_options->session	hashcat
TOP.5e6f3b97.000da3cf	user_options->limit	0
TOP.5e6f3b97.000da3cf	user_options->skip	0
TOP.5e6f3b97.000da3cf	user_options->attack_mode	0
TOP.5e6f3b97.000da3cf	user_options->benchmark	0
TOP.5e6f3b97.000da3cf	user_options->benchmark_all	0
TOP.5e6f3b97.000da3cf	user_options->bitmap_max	18
TOP.5e6f3b97.000da3cf	user_options->bitmap_min	16
TOP.5e6f3b97.000da3cf	user_options->debug_mode	0
TOP.5e6f3b97.000da3cf	user_options->example_hashes	0
TOP.5e6f3b97.000da3cf	user_options->force	0
TOP.5e6f3b97.000da3cf	user_options->hwmon_disable	0
TOP.5e6f3b97.000da3cf	user_options->hwmon_temp_abort	90
TOP.5e6f3b97.000da3cf	user_options->hash_mode	13000
TOP.5e6f3b97.000da3cf	user_options->hex_charset	0
TOP.5e6f3b97.000da3cf	user_options->hex_salt	0
TOP.5e6f3b97.000da3cf	user_options->hex_wordlist	0
TOP.5e6f3b97.000da3cf	user_options->increment	0
TOP.5e6f3b97.000da3cf	user_options->increment_max	256
TOP.5e6f3b97.000da3cf	user_options->increment_min	1
TOP.5e6f3b97.000da3cf	user_options->keep_guessing	0
TOP.5e6f3b97.000da3cf	user_options->kernel_accel	0
TOP.5e6f3b97.000da3cf	user_options->kernel_loops	0
TOP.5e6f3b97.000da3cf	user_options->kernel_threads	0
TOP.5e6f3b97.000da3cf	user_options->keyspace	0
TOP.5e6f3b97.000da3cf	user_options->left	0
TOP.5e6f3b97.000da3cf	user_options->logfile_disable	0
TOP.5e6f3b97.000da3cf	user_options->loopback	0
TOP.5e6f3b97.000da3cf	user_options->machine_readable	0
TOP.5e6f3b97.000da3cf	user_options->markov_classic	0
TOP.5e6f3b97.000da3cf	user_options->markov_disable	0
TOP.5e6f3b97.000da3cf	user_options->markov_threshold	256
TOP.5e6f3b97.000da3cf	user_options->opencl_info	0
TOP.5e6f3b97.000da3cf	user_options->opencl_vector_width	0
TOP.5e6f3b97.000da3cf	user_options->optimized_kernel_enable	0
TOP.5e6f3b97.000da3cf	user_options->outfile_autohex	1
TOP.5e6f3b97.000da3cf	user_options->outfile_check_timer	5
TOP.5e6f3b97.000da3cf	user_options->outfile_format	3
TOP.5e6f3b97.000da3cf	user_options->wordlist_autohex_disable	0
TOP.5e6f3b97.000da3cf	user_options->potfile_disable	0
TOP.5e6f3b97.000da3cf	user_options->progress_only	0
TOP.5e6f3b97.000da3cf	user_options->quiet	0
TOP.5e6f3b97.000da3cf	user_options->remove	0
TOP.5e6f3b97.000da3cf	user_options->remove_timer	60
TOP.5e6f3b97.000da3cf	user_options->restore	0
TOP.5e6f3b97.000da3cf	user_options->restore_disable	0
TOP.5e6f3b97.000da3cf	user_options->restore_timer	60
TOP.5e6f3b97.000da3cf	user_options->rp_files_cnt	0
TOP.5e6f3b97.000da3cf	user_options->rp_gen	0
TOP.5e6f3b97.000da3cf	user_options->rp_gen_func_max	4
TOP.5e6f3b97.000da3cf	user_options->rp_gen_func_min	1
TOP.5e6f3b97.000da3cf	user_options->rp_gen_seed	0
TOP.5e6f3b97.000da3cf	user_options->runtime	0
TOP.5e6f3b97.000da3cf	user_options->scrypt_tmto	0
TOP.5e6f3b97.000da3cf	user_options->segment_size	33554432
TOP.5e6f3b97.000da3cf	user_options->self_test_disable	0
TOP.5e6f3b97.000da3cf	user_options->slow_candidates	0
TOP.5e6f3b97.000da3cf	user_options->show	0
TOP.5e6f3b97.000da3cf	user_options->speed_only	0
TOP.5e6f3b97.000da3cf	user_options->spin_damp	8
TOP.5e6f3b97.000da3cf	user_options->status	0
TOP.5e6f3b97.000da3cf	user_options->status_timer	10
TOP.5e6f3b97.000da3cf	user_options->stdout_flag	0
TOP.5e6f3b97.000da3cf	user_options->usage	0
TOP.5e6f3b97.000da3cf	user_options->username	0
TOP.5e6f3b97.000da3cf	user_options->veracrypt_pim	0
TOP.5e6f3b97.000da3cf	user_options->version	0
TOP.5e6f3b97.000da3cf	user_options->workload_profile	3
TOP.5e6f3b97.000da3cf	user_options->brain_client	0
TOP.5e6f3b97.000da3cf	user_options->brain_client_features	2
TOP.5e6f3b97.000da3cf	user_options->brain_server	0
TOP.5e6f3b97.000da3cf	user_options->brain_port	6863
TOP.5e6f3b97.000da3cf	user_options->brain_session	0
TOP.5e6f3b97.000da3cf	hashes->hashlist_mode	5
TOP.5e6f3b97.000da3cf	hashes->hashlist_format	0
TOP.5e6f3b97.000da3cf	hashes->hashes_cnt	0
TOP.5e6f3b97.000da3cf	hashes->digests_cnt	1
TOP.5e6f3b97.000da3cf	hashes->digests_done	0
TOP.5e6f3b97.000da3cf	hashes->salts_cnt	1
TOP.5e6f3b97.000da3cf	hashes->salts_done	0
TOP.5e6f3b97.000da3cf	SUB.5e6f3b9d.0008e4f7	START
TOP.5e6f3b97.000da3cf	SUB.5e6f3b9d.0008e4f7	straight_ctx->dict	D:\soft\HASHCAT\Имена Date\Date yyИмена.txt
